2026-03-09 23:10:31 | INFO     | FileSystemWatcher | Created watch directory: D:\Hackthon_0\Bronze_tier\AI_Employee_Vault\Inbox
2026-03-09 23:10:31 | INFO     | FileSystemWatcher | Vault root   : D:\Hackthon_0\Bronze_tier\AI_Employee_Vault
2026-03-09 23:10:31 | INFO     | FileSystemWatcher | Watching     : D:\Hackthon_0\Bronze_tier\AI_Employee_Vault\Inbox
2026-03-09 23:10:31 | INFO     | FileSystemWatcher | Destination  : D:\Hackthon_0\Bronze_tier\AI_Employee_Vault\Needs_Action
2026-03-09 23:10:31 | INFO     | FileSystemWatcher | Poll interval: 10s
2026-03-09 23:10:31 | INFO     | FileSystemWatcher | FileSystemWatcher started. Press Ctrl+C to stop.
2026-03-09 23:10:31 | DEBUG    | FileSystemWatcher | --- Poll cycle ---
2026-03-09 23:10:31 | DEBUG    | FileSystemWatcher | Inbox empty — nothing to process.
2026-03-09 23:10:31 | DEBUG    | FileSystemWatcher | Sleeping 10s before next poll.
2026-03-09 23:10:41 | DEBUG    | FileSystemWatcher | --- Poll cycle ---
2026-03-09 23:10:41 | DEBUG    | FileSystemWatcher | Inbox empty — nothing to process.
2026-03-09 23:10:41 | DEBUG    | FileSystemWatcher | Sleeping 10s before next poll.
2026-03-09 23:19:30 | INFO     | FileSystemWatcher | Vault root   : D:\Hackthon_0\Bronze_tier\AI_Employee_Vault
2026-03-09 23:19:30 | INFO     | FileSystemWatcher | Watching     : D:\Hackthon_0\Bronze_tier\AI_Employee_Vault\Inbox
2026-03-09 23:19:30 | INFO     | FileSystemWatcher | Destination  : D:\Hackthon_0\Bronze_tier\AI_Employee_Vault\Needs_Action
2026-03-09 23:19:30 | INFO     | FileSystemWatcher | Poll interval: 10s
2026-03-09 23:19:30 | INFO     | FileSystemWatcher | FileSystemWatcher started. Press Ctrl+C to stop.
2026-03-09 23:19:30 | DEBUG    | FileSystemWatcher | --- Poll cycle ---
2026-03-09 23:19:30 | DEBUG    | FileSystemWatcher | Inbox empty — nothing to process.
2026-03-09 23:19:30 | DEBUG    | FileSystemWatcher | Sleeping 10s before next poll.
2026-03-09 23:19:40 | DEBUG    | FileSystemWatcher | --- Poll cycle ---
2026-03-09 23:19:40 | DEBUG    | FileSystemWatcher | Inbox empty — nothing to process.
2026-03-09 23:19:40 | DEBUG    | FileSystemWatcher | Sleeping 10s before next poll.
2026-03-09 23:19:50 | DEBUG    | FileSystemWatcher | --- Poll cycle ---
2026-03-09 23:19:50 | DEBUG    | FileSystemWatcher | Inbox empty — nothing to process.
2026-03-09 23:19:50 | DEBUG    | FileSystemWatcher | Sleeping 10s before next poll.
2026-03-09 23:20:00 | DEBUG    | FileSystemWatcher | --- Poll cycle ---
2026-03-09 23:20:00 | DEBUG    | FileSystemWatcher | Inbox empty — nothing to process.
2026-03-09 23:20:00 | DEBUG    | FileSystemWatcher | Sleeping 10s before next poll.
2026-03-09 23:20:10 | DEBUG    | FileSystemWatcher | --- Poll cycle ---
2026-03-09 23:20:10 | DEBUG    | FileSystemWatcher | Inbox empty — nothing to process.
2026-03-09 23:20:10 | DEBUG    | FileSystemWatcher | Sleeping 10s before next poll.
2026-03-09 23:20:20 | DEBUG    | FileSystemWatcher | --- Poll cycle ---
2026-03-09 23:20:20 | DEBUG    | FileSystemWatcher | Inbox empty — nothing to process.
2026-03-09 23:20:20 | DEBUG    | FileSystemWatcher | Sleeping 10s before next poll.
2026-03-09 23:20:30 | DEBUG    | FileSystemWatcher | --- Poll cycle ---
2026-03-09 23:20:30 | DEBUG    | FileSystemWatcher | Inbox empty — nothing to process.
2026-03-09 23:20:30 | DEBUG    | FileSystemWatcher | Sleeping 10s before next poll.
2026-03-09 23:20:40 | DEBUG    | FileSystemWatcher | --- Poll cycle ---
2026-03-09 23:20:40 | DEBUG    | FileSystemWatcher | Inbox empty — nothing to process.
2026-03-09 23:20:40 | DEBUG    | FileSystemWatcher | Sleeping 10s before next poll.
2026-03-09 23:20:50 | DEBUG    | FileSystemWatcher | --- Poll cycle ---
2026-03-09 23:20:50 | DEBUG    | FileSystemWatcher | Inbox empty — nothing to process.
2026-03-09 23:20:50 | DEBUG    | FileSystemWatcher | Sleeping 10s before next poll.
2026-03-09 23:21:00 | DEBUG    | FileSystemWatcher | --- Poll cycle ---
2026-03-09 23:21:00 | DEBUG    | FileSystemWatcher | Inbox empty — nothing to process.
2026-03-09 23:21:00 | DEBUG    | FileSystemWatcher | Sleeping 10s before next poll.
2026-03-09 23:21:10 | DEBUG    | FileSystemWatcher | --- Poll cycle ---
2026-03-09 23:21:10 | DEBUG    | FileSystemWatcher | Inbox empty — nothing to process.
2026-03-09 23:21:10 | DEBUG    | FileSystemWatcher | Sleeping 10s before next poll.
2026-03-09 23:21:20 | DEBUG    | FileSystemWatcher | --- Poll cycle ---
2026-03-09 23:21:20 | DEBUG    | FileSystemWatcher | Inbox empty — nothing to process.
2026-03-09 23:21:20 | DEBUG    | FileSystemWatcher | Sleeping 10s before next poll.
2026-03-09 23:21:30 | DEBUG    | FileSystemWatcher | --- Poll cycle ---
2026-03-09 23:21:30 | DEBUG    | FileSystemWatcher | Inbox empty — nothing to process.
2026-03-09 23:21:30 | DEBUG    | FileSystemWatcher | Sleeping 10s before next poll.
2026-03-09 23:21:40 | DEBUG    | FileSystemWatcher | --- Poll cycle ---
2026-03-09 23:21:40 | DEBUG    | FileSystemWatcher | Inbox empty — nothing to process.
2026-03-09 23:21:40 | DEBUG    | FileSystemWatcher | Sleeping 10s before next poll.
2026-03-09 23:21:50 | DEBUG    | FileSystemWatcher | --- Poll cycle ---
2026-03-09 23:21:50 | DEBUG    | FileSystemWatcher | Inbox empty — nothing to process.
2026-03-09 23:21:50 | DEBUG    | FileSystemWatcher | Sleeping 10s before next poll.
2026-03-09 23:22:00 | DEBUG    | FileSystemWatcher | --- Poll cycle ---
2026-03-09 23:22:00 | DEBUG    | FileSystemWatcher | Inbox empty — nothing to process.
2026-03-09 23:22:00 | DEBUG    | FileSystemWatcher | Sleeping 10s before next poll.
2026-03-09 23:22:10 | DEBUG    | FileSystemWatcher | --- Poll cycle ---
2026-03-09 23:22:10 | DEBUG    | FileSystemWatcher | Inbox empty — nothing to process.
2026-03-09 23:22:10 | DEBUG    | FileSystemWatcher | Sleeping 10s before next poll.
2026-03-09 23:22:20 | DEBUG    | FileSystemWatcher | --- Poll cycle ---
2026-03-09 23:22:20 | DEBUG    | FileSystemWatcher | Inbox empty — nothing to process.
2026-03-09 23:22:20 | DEBUG    | FileSystemWatcher | Sleeping 10s before next poll.
2026-03-09 23:22:30 | DEBUG    | FileSystemWatcher | --- Poll cycle ---
2026-03-09 23:22:30 | DEBUG    | FileSystemWatcher | Inbox empty — nothing to process.
2026-03-09 23:22:30 | DEBUG    | FileSystemWatcher | Sleeping 10s before next poll.
2026-03-09 23:22:40 | DEBUG    | FileSystemWatcher | --- Poll cycle ---
2026-03-09 23:22:40 | DEBUG    | FileSystemWatcher | Inbox empty — nothing to process.
2026-03-09 23:22:40 | DEBUG    | FileSystemWatcher | Sleeping 10s before next poll.
2026-03-09 23:22:50 | DEBUG    | FileSystemWatcher | --- Poll cycle ---
2026-03-09 23:22:50 | DEBUG    | FileSystemWatcher | Inbox empty — nothing to process.
2026-03-09 23:22:50 | DEBUG    | FileSystemWatcher | Sleeping 10s before next poll.
2026-03-09 23:23:00 | DEBUG    | FileSystemWatcher | --- Poll cycle ---
2026-03-09 23:23:00 | DEBUG    | FileSystemWatcher | Inbox empty — nothing to process.
2026-03-09 23:23:00 | DEBUG    | FileSystemWatcher | Sleeping 10s before next poll.
2026-03-09 23:23:10 | DEBUG    | FileSystemWatcher | --- Poll cycle ---
2026-03-09 23:23:10 | DEBUG    | FileSystemWatcher | Inbox empty — nothing to process.
2026-03-09 23:23:10 | DEBUG    | FileSystemWatcher | Sleeping 10s before next poll.
2026-03-09 23:23:20 | DEBUG    | FileSystemWatcher | --- Poll cycle ---
2026-03-09 23:23:20 | INFO     | FileSystemWatcher | Found 1 file(s) in Inbox.
2026-03-09 23:23:20 | DEBUG    | FileSystemWatcher | Already processed, skipping: test_invoice.pdf
2026-03-09 23:23:20 | DEBUG    | FileSystemWatcher | Sleeping 10s before next poll.
2026-03-09 23:23:30 | DEBUG    | FileSystemWatcher | --- Poll cycle ---
2026-03-09 23:23:30 | INFO     | FileSystemWatcher | Found 1 file(s) in Inbox.
2026-03-09 23:23:30 | DEBUG    | FileSystemWatcher | Already processed, skipping: test_invoice.pdf
2026-03-09 23:23:30 | DEBUG    | FileSystemWatcher | Sleeping 10s before next poll.
2026-03-09 23:23:40 | DEBUG    | FileSystemWatcher | --- Poll cycle ---
2026-03-09 23:23:40 | INFO     | FileSystemWatcher | Found 1 file(s) in Inbox.
2026-03-09 23:23:40 | DEBUG    | FileSystemWatcher | Already processed, skipping: test_invoice.pdf
2026-03-09 23:23:40 | DEBUG    | FileSystemWatcher | Sleeping 10s before next poll.
2026-03-09 23:23:50 | DEBUG    | FileSystemWatcher | --- Poll cycle ---
2026-03-09 23:23:50 | INFO     | FileSystemWatcher | Found 1 file(s) in Inbox.
2026-03-09 23:23:50 | DEBUG    | FileSystemWatcher | Already processed, skipping: test_invoice.pdf
2026-03-09 23:23:50 | DEBUG    | FileSystemWatcher | Sleeping 10s before next poll.
2026-03-09 23:24:00 | DEBUG    | FileSystemWatcher | --- Poll cycle ---
2026-03-09 23:24:00 | INFO     | FileSystemWatcher | Found 1 file(s) in Inbox.
2026-03-09 23:24:00 | DEBUG    | FileSystemWatcher | Already processed, skipping: test_invoice.pdf
2026-03-09 23:24:00 | DEBUG    | FileSystemWatcher | Sleeping 10s before next poll.
2026-03-09 23:24:10 | DEBUG    | FileSystemWatcher | --- Poll cycle ---
2026-03-09 23:24:10 | INFO     | FileSystemWatcher | Found 1 file(s) in Inbox.
2026-03-09 23:24:10 | DEBUG    | FileSystemWatcher | Already processed, skipping: test_invoice.pdf
2026-03-09 23:24:10 | DEBUG    | FileSystemWatcher | Sleeping 10s before next poll.
2026-03-09 23:24:20 | DEBUG    | FileSystemWatcher | --- Poll cycle ---
2026-03-09 23:24:20 | INFO     | FileSystemWatcher | Found 1 file(s) in Inbox.
2026-03-09 23:24:21 | DEBUG    | FileSystemWatcher | Already processed, skipping: test_invoice.pdf
2026-03-09 23:24:21 | DEBUG    | FileSystemWatcher | Sleeping 10s before next poll.
2026-03-09 23:24:31 | DEBUG    | FileSystemWatcher | --- Poll cycle ---
2026-03-09 23:24:31 | INFO     | FileSystemWatcher | Found 1 file(s) in Inbox.
2026-03-09 23:24:31 | DEBUG    | FileSystemWatcher | Already processed, skipping: test_invoice.pdf
2026-03-09 23:24:31 | DEBUG    | FileSystemWatcher | Sleeping 10s before next poll.
2026-03-09 23:24:41 | DEBUG    | FileSystemWatcher | --- Poll cycle ---
2026-03-09 23:24:41 | INFO     | FileSystemWatcher | Found 1 file(s) in Inbox.
2026-03-09 23:24:41 | DEBUG    | FileSystemWatcher | Already processed, skipping: test_invoice.pdf
2026-03-09 23:24:41 | DEBUG    | FileSystemWatcher | Sleeping 10s before next poll.
2026-03-09 23:24:51 | DEBUG    | FileSystemWatcher | --- Poll cycle ---
2026-03-09 23:24:51 | INFO     | FileSystemWatcher | Found 1 file(s) in Inbox.
2026-03-09 23:24:51 | DEBUG    | FileSystemWatcher | Already processed, skipping: test_invoice.pdf
2026-03-09 23:24:51 | DEBUG    | FileSystemWatcher | Sleeping 10s before next poll.
2026-03-09 23:25:01 | DEBUG    | FileSystemWatcher | --- Poll cycle ---
2026-03-09 23:25:01 | INFO     | FileSystemWatcher | Found 1 file(s) in Inbox.
2026-03-09 23:25:01 | DEBUG    | FileSystemWatcher | Already processed, skipping: test_invoice.pdf
2026-03-09 23:25:01 | DEBUG    | FileSystemWatcher | Sleeping 10s before next poll.
2026-03-09 23:25:11 | DEBUG    | FileSystemWatcher | --- Poll cycle ---
2026-03-09 23:25:11 | INFO     | FileSystemWatcher | Found 1 file(s) in Inbox.
2026-03-09 23:25:11 | DEBUG    | FileSystemWatcher | Already processed, skipping: test_invoice.pdf
2026-03-09 23:25:11 | DEBUG    | FileSystemWatcher | Sleeping 10s before next poll.
2026-03-09 23:25:21 | DEBUG    | FileSystemWatcher | --- Poll cycle ---
2026-03-09 23:25:21 | INFO     | FileSystemWatcher | Found 1 file(s) in Inbox.
2026-03-09 23:25:21 | DEBUG    | FileSystemWatcher | Already processed, skipping: test_invoice.pdf
2026-03-09 23:25:21 | DEBUG    | FileSystemWatcher | Sleeping 10s before next poll.
2026-03-09 23:25:31 | DEBUG    | FileSystemWatcher | --- Poll cycle ---
2026-03-09 23:25:31 | INFO     | FileSystemWatcher | Found 1 file(s) in Inbox.
2026-03-09 23:25:31 | DEBUG    | FileSystemWatcher | Already processed, skipping: test_invoice.pdf
2026-03-09 23:25:31 | DEBUG    | FileSystemWatcher | Sleeping 10s before next poll.
2026-03-09 23:25:41 | DEBUG    | FileSystemWatcher | --- Poll cycle ---
2026-03-09 23:25:41 | INFO     | FileSystemWatcher | Found 1 file(s) in Inbox.
2026-03-09 23:25:41 | DEBUG    | FileSystemWatcher | Already processed, skipping: test_invoice.pdf
2026-03-09 23:25:41 | DEBUG    | FileSystemWatcher | Sleeping 10s before next poll.
2026-03-09 23:25:51 | DEBUG    | FileSystemWatcher | --- Poll cycle ---
2026-03-09 23:25:51 | INFO     | FileSystemWatcher | Found 1 file(s) in Inbox.
2026-03-09 23:25:51 | DEBUG    | FileSystemWatcher | Already processed, skipping: test_invoice.pdf
2026-03-09 23:25:51 | DEBUG    | FileSystemWatcher | Sleeping 10s before next poll.
2026-03-09 23:26:01 | DEBUG    | FileSystemWatcher | --- Poll cycle ---
2026-03-09 23:26:01 | INFO     | FileSystemWatcher | Found 1 file(s) in Inbox.
2026-03-09 23:26:01 | DEBUG    | FileSystemWatcher | Already processed, skipping: test_invoice.pdf
2026-03-09 23:26:01 | DEBUG    | FileSystemWatcher | Sleeping 10s before next poll.
2026-03-09 23:26:11 | DEBUG    | FileSystemWatcher | --- Poll cycle ---
2026-03-09 23:26:11 | INFO     | FileSystemWatcher | Found 1 file(s) in Inbox.
2026-03-09 23:26:11 | DEBUG    | FileSystemWatcher | Already processed, skipping: test_invoice.pdf
2026-03-09 23:26:11 | DEBUG    | FileSystemWatcher | Sleeping 10s before next poll.
2026-03-09 23:26:21 | DEBUG    | FileSystemWatcher | --- Poll cycle ---
2026-03-09 23:26:21 | INFO     | FileSystemWatcher | Found 1 file(s) in Inbox.
2026-03-09 23:26:21 | DEBUG    | FileSystemWatcher | Already processed, skipping: test_invoice.pdf
2026-03-09 23:26:21 | DEBUG    | FileSystemWatcher | Sleeping 10s before next poll.
2026-03-09 23:26:31 | DEBUG    | FileSystemWatcher | --- Poll cycle ---
2026-03-09 23:26:31 | INFO     | FileSystemWatcher | Found 1 file(s) in Inbox.
2026-03-09 23:26:31 | DEBUG    | FileSystemWatcher | Already processed, skipping: test_invoice.pdf
2026-03-09 23:26:31 | DEBUG    | FileSystemWatcher | Sleeping 10s before next poll.
2026-03-09 23:26:41 | DEBUG    | FileSystemWatcher | --- Poll cycle ---
2026-03-09 23:26:41 | INFO     | FileSystemWatcher | Found 1 file(s) in Inbox.
2026-03-09 23:26:41 | DEBUG    | FileSystemWatcher | Already processed, skipping: test_invoice.pdf
2026-03-09 23:26:41 | DEBUG    | FileSystemWatcher | Sleeping 10s before next poll.
2026-03-09 23:26:51 | DEBUG    | FileSystemWatcher | --- Poll cycle ---
2026-03-09 23:26:51 | INFO     | FileSystemWatcher | Found 1 file(s) in Inbox.
2026-03-09 23:26:51 | DEBUG    | FileSystemWatcher | Already processed, skipping: test_invoice.pdf
2026-03-09 23:26:51 | DEBUG    | FileSystemWatcher | Sleeping 10s before next poll.
2026-03-09 23:27:01 | DEBUG    | FileSystemWatcher | --- Poll cycle ---
2026-03-09 23:27:01 | INFO     | FileSystemWatcher | Found 1 file(s) in Inbox.
2026-03-09 23:27:01 | DEBUG    | FileSystemWatcher | Already processed, skipping: test_invoice.pdf
2026-03-09 23:27:01 | DEBUG    | FileSystemWatcher | Sleeping 10s before next poll.
2026-03-09 23:27:11 | DEBUG    | FileSystemWatcher | --- Poll cycle ---
2026-03-09 23:27:11 | INFO     | FileSystemWatcher | Found 1 file(s) in Inbox.
2026-03-09 23:27:11 | DEBUG    | FileSystemWatcher | Already processed, skipping: test_invoice.pdf
2026-03-09 23:27:11 | DEBUG    | FileSystemWatcher | Sleeping 10s before next poll.
2026-03-09 23:27:21 | DEBUG    | FileSystemWatcher | --- Poll cycle ---
2026-03-09 23:27:21 | INFO     | FileSystemWatcher | Found 1 file(s) in Inbox.
2026-03-09 23:27:21 | DEBUG    | FileSystemWatcher | Already processed, skipping: test_invoice.pdf
2026-03-09 23:27:21 | DEBUG    | FileSystemWatcher | Sleeping 10s before next poll.
2026-03-09 23:27:31 | DEBUG    | FileSystemWatcher | --- Poll cycle ---
2026-03-09 23:27:31 | INFO     | FileSystemWatcher | Found 1 file(s) in Inbox.
2026-03-09 23:27:31 | DEBUG    | FileSystemWatcher | Already processed, skipping: test_invoice.pdf
2026-03-09 23:27:31 | DEBUG    | FileSystemWatcher | Sleeping 10s before next poll.
2026-03-09 23:27:41 | DEBUG    | FileSystemWatcher | --- Poll cycle ---
2026-03-09 23:27:41 | INFO     | FileSystemWatcher | Found 1 file(s) in Inbox.
2026-03-09 23:27:41 | DEBUG    | FileSystemWatcher | Already processed, skipping: test_invoice.pdf
2026-03-09 23:27:41 | DEBUG    | FileSystemWatcher | Sleeping 10s before next poll.
2026-03-09 23:27:51 | DEBUG    | FileSystemWatcher | --- Poll cycle ---
2026-03-09 23:27:51 | INFO     | FileSystemWatcher | Found 1 file(s) in Inbox.
2026-03-09 23:27:51 | DEBUG    | FileSystemWatcher | Already processed, skipping: test_invoice.pdf
2026-03-09 23:27:51 | DEBUG    | FileSystemWatcher | Sleeping 10s before next poll.
2026-03-09 23:28:01 | DEBUG    | FileSystemWatcher | --- Poll cycle ---
2026-03-09 23:28:01 | INFO     | FileSystemWatcher | Found 1 file(s) in Inbox.
2026-03-09 23:28:01 | DEBUG    | FileSystemWatcher | Already processed, skipping: test_invoice.pdf
2026-03-09 23:28:01 | DEBUG    | FileSystemWatcher | Sleeping 10s before next poll.
2026-03-09 23:28:11 | DEBUG    | FileSystemWatcher | --- Poll cycle ---
2026-03-09 23:28:11 | INFO     | FileSystemWatcher | Found 1 file(s) in Inbox.
2026-03-09 23:28:11 | DEBUG    | FileSystemWatcher | Already processed, skipping: test_invoice.pdf
2026-03-09 23:28:11 | DEBUG    | FileSystemWatcher | Sleeping 10s before next poll.
2026-03-09 23:28:21 | DEBUG    | FileSystemWatcher | --- Poll cycle ---
2026-03-09 23:28:21 | INFO     | FileSystemWatcher | Found 1 file(s) in Inbox.
2026-03-09 23:28:21 | DEBUG    | FileSystemWatcher | Already processed, skipping: test_invoice.pdf
2026-03-09 23:28:21 | DEBUG    | FileSystemWatcher | Sleeping 10s before next poll.
2026-03-09 23:28:31 | DEBUG    | FileSystemWatcher | --- Poll cycle ---
2026-03-09 23:28:31 | INFO     | FileSystemWatcher | Found 1 file(s) in Inbox.
2026-03-09 23:28:31 | DEBUG    | FileSystemWatcher | Already processed, skipping: test_invoice.pdf
2026-03-09 23:28:31 | DEBUG    | FileSystemWatcher | Sleeping 10s before next poll.
2026-03-09 23:28:41 | DEBUG    | FileSystemWatcher | --- Poll cycle ---
2026-03-09 23:28:41 | INFO     | FileSystemWatcher | Found 1 file(s) in Inbox.
2026-03-09 23:28:41 | DEBUG    | FileSystemWatcher | Already processed, skipping: test_invoice.pdf
2026-03-09 23:28:41 | DEBUG    | FileSystemWatcher | Sleeping 10s before next poll.
2026-03-09 23:28:51 | DEBUG    | FileSystemWatcher | --- Poll cycle ---
2026-03-09 23:28:51 | INFO     | FileSystemWatcher | Found 1 file(s) in Inbox.
2026-03-09 23:28:51 | DEBUG    | FileSystemWatcher | Already processed, skipping: test_invoice.pdf
2026-03-09 23:28:51 | DEBUG    | FileSystemWatcher | Sleeping 10s before next poll.
2026-03-09 23:29:01 | DEBUG    | FileSystemWatcher | --- Poll cycle ---
2026-03-09 23:29:01 | INFO     | FileSystemWatcher | Found 1 file(s) in Inbox.
2026-03-09 23:29:01 | DEBUG    | FileSystemWatcher | Already processed, skipping: test_invoice.pdf
2026-03-09 23:29:01 | DEBUG    | FileSystemWatcher | Sleeping 10s before next poll.
2026-03-09 23:29:11 | DEBUG    | FileSystemWatcher | --- Poll cycle ---
2026-03-09 23:29:11 | INFO     | FileSystemWatcher | Found 1 file(s) in Inbox.
2026-03-09 23:29:11 | DEBUG    | FileSystemWatcher | Already processed, skipping: test_invoice.pdf
2026-03-09 23:29:11 | DEBUG    | FileSystemWatcher | Sleeping 10s before next poll.
2026-03-09 23:29:21 | DEBUG    | FileSystemWatcher | --- Poll cycle ---
2026-03-09 23:29:21 | INFO     | FileSystemWatcher | Found 1 file(s) in Inbox.
2026-03-09 23:29:21 | DEBUG    | FileSystemWatcher | Already processed, skipping: test_invoice.pdf
2026-03-09 23:29:21 | DEBUG    | FileSystemWatcher | Sleeping 10s before next poll.
2026-03-09 23:29:31 | DEBUG    | FileSystemWatcher | --- Poll cycle ---
2026-03-09 23:29:31 | INFO     | FileSystemWatcher | Found 1 file(s) in Inbox.
2026-03-09 23:29:31 | DEBUG    | FileSystemWatcher | Already processed, skipping: test_invoice.pdf
2026-03-09 23:29:31 | DEBUG    | FileSystemWatcher | Sleeping 10s before next poll.
2026-03-09 23:29:41 | DEBUG    | FileSystemWatcher | --- Poll cycle ---
2026-03-09 23:29:41 | INFO     | FileSystemWatcher | Found 1 file(s) in Inbox.
2026-03-09 23:29:41 | DEBUG    | FileSystemWatcher | Already processed, skipping: test_invoice.pdf
2026-03-09 23:29:41 | DEBUG    | FileSystemWatcher | Sleeping 10s before next poll.
2026-03-09 23:29:51 | DEBUG    | FileSystemWatcher | --- Poll cycle ---
2026-03-09 23:29:51 | INFO     | FileSystemWatcher | Found 1 file(s) in Inbox.
2026-03-09 23:29:51 | DEBUG    | FileSystemWatcher | Already processed, skipping: test_invoice.pdf
2026-03-09 23:29:51 | DEBUG    | FileSystemWatcher | Sleeping 10s before next poll.
2026-03-09 23:30:01 | DEBUG    | FileSystemWatcher | --- Poll cycle ---
2026-03-09 23:30:01 | INFO     | FileSystemWatcher | Found 1 file(s) in Inbox.
2026-03-09 23:30:01 | DEBUG    | FileSystemWatcher | Already processed, skipping: test_invoice.pdf
2026-03-09 23:30:01 | DEBUG    | FileSystemWatcher | Sleeping 10s before next poll.
2026-03-09 23:30:11 | DEBUG    | FileSystemWatcher | --- Poll cycle ---
2026-03-09 23:30:11 | INFO     | FileSystemWatcher | Found 1 file(s) in Inbox.
2026-03-09 23:30:11 | DEBUG    | FileSystemWatcher | Already processed, skipping: test_invoice.pdf
2026-03-09 23:30:11 | DEBUG    | FileSystemWatcher | Sleeping 10s before next poll.
2026-03-09 23:30:21 | DEBUG    | FileSystemWatcher | --- Poll cycle ---
2026-03-09 23:30:21 | INFO     | FileSystemWatcher | Found 1 file(s) in Inbox.
2026-03-09 23:30:21 | DEBUG    | FileSystemWatcher | Already processed, skipping: test_invoice.pdf
2026-03-09 23:30:21 | DEBUG    | FileSystemWatcher | Sleeping 10s before next poll.
2026-03-09 23:30:31 | DEBUG    | FileSystemWatcher | --- Poll cycle ---
2026-03-09 23:30:31 | INFO     | FileSystemWatcher | Found 1 file(s) in Inbox.
2026-03-09 23:30:31 | DEBUG    | FileSystemWatcher | Already processed, skipping: test_invoice.pdf
2026-03-09 23:30:31 | DEBUG    | FileSystemWatcher | Sleeping 10s before next poll.
2026-03-09 23:30:41 | DEBUG    | FileSystemWatcher | --- Poll cycle ---
2026-03-09 23:30:41 | INFO     | FileSystemWatcher | Found 1 file(s) in Inbox.
2026-03-09 23:30:41 | DEBUG    | FileSystemWatcher | Already processed, skipping: test_invoice.pdf
2026-03-09 23:30:41 | DEBUG    | FileSystemWatcher | Sleeping 10s before next poll.
2026-03-09 23:30:51 | DEBUG    | FileSystemWatcher | --- Poll cycle ---
2026-03-09 23:30:51 | INFO     | FileSystemWatcher | Found 1 file(s) in Inbox.
2026-03-09 23:30:51 | DEBUG    | FileSystemWatcher | Already processed, skipping: test_invoice.pdf
2026-03-09 23:30:51 | DEBUG    | FileSystemWatcher | Sleeping 10s before next poll.
2026-03-09 23:31:01 | DEBUG    | FileSystemWatcher | --- Poll cycle ---
2026-03-09 23:31:01 | INFO     | FileSystemWatcher | Found 1 file(s) in Inbox.
2026-03-09 23:31:01 | DEBUG    | FileSystemWatcher | Already processed, skipping: test_invoice.pdf
2026-03-09 23:31:01 | DEBUG    | FileSystemWatcher | Sleeping 10s before next poll.
2026-03-09 23:31:11 | DEBUG    | FileSystemWatcher | --- Poll cycle ---
2026-03-09 23:31:11 | INFO     | FileSystemWatcher | Found 1 file(s) in Inbox.
2026-03-09 23:31:11 | DEBUG    | FileSystemWatcher | Already processed, skipping: test_invoice.pdf
2026-03-09 23:31:11 | DEBUG    | FileSystemWatcher | Sleeping 10s before next poll.
2026-03-09 23:31:21 | DEBUG    | FileSystemWatcher | --- Poll cycle ---
2026-03-09 23:31:21 | INFO     | FileSystemWatcher | Found 1 file(s) in Inbox.
2026-03-09 23:31:21 | DEBUG    | FileSystemWatcher | Already processed, skipping: test_invoice.pdf
2026-03-09 23:31:21 | DEBUG    | FileSystemWatcher | Sleeping 10s before next poll.
2026-03-09 23:31:31 | DEBUG    | FileSystemWatcher | --- Poll cycle ---
2026-03-09 23:31:31 | INFO     | FileSystemWatcher | Found 1 file(s) in Inbox.
2026-03-09 23:31:31 | DEBUG    | FileSystemWatcher | Already processed, skipping: test_invoice.pdf
2026-03-09 23:31:31 | DEBUG    | FileSystemWatcher | Sleeping 10s before next poll.
2026-03-09 23:31:41 | DEBUG    | FileSystemWatcher | --- Poll cycle ---
2026-03-09 23:31:41 | INFO     | FileSystemWatcher | Found 1 file(s) in Inbox.
2026-03-09 23:31:41 | DEBUG    | FileSystemWatcher | Already processed, skipping: test_invoice.pdf
2026-03-09 23:31:41 | DEBUG    | FileSystemWatcher | Sleeping 10s before next poll.
2026-03-09 23:31:51 | DEBUG    | FileSystemWatcher | --- Poll cycle ---
2026-03-09 23:31:51 | INFO     | FileSystemWatcher | Found 1 file(s) in Inbox.
2026-03-09 23:31:51 | DEBUG    | FileSystemWatcher | Already processed, skipping: test_invoice.pdf
2026-03-09 23:31:51 | DEBUG    | FileSystemWatcher | Sleeping 10s before next poll.
2026-03-09 23:32:01 | DEBUG    | FileSystemWatcher | --- Poll cycle ---
2026-03-09 23:32:01 | INFO     | FileSystemWatcher | Found 1 file(s) in Inbox.
2026-03-09 23:32:01 | DEBUG    | FileSystemWatcher | Already processed, skipping: test_invoice.pdf
2026-03-09 23:32:01 | DEBUG    | FileSystemWatcher | Sleeping 10s before next poll.
2026-03-09 23:32:11 | DEBUG    | FileSystemWatcher | --- Poll cycle ---
2026-03-09 23:32:11 | INFO     | FileSystemWatcher | Found 1 file(s) in Inbox.
2026-03-09 23:32:11 | DEBUG    | FileSystemWatcher | Already processed, skipping: test_invoice.pdf
2026-03-09 23:32:11 | DEBUG    | FileSystemWatcher | Sleeping 10s before next poll.
2026-03-09 23:32:21 | DEBUG    | FileSystemWatcher | --- Poll cycle ---
2026-03-09 23:32:21 | INFO     | FileSystemWatcher | Found 1 file(s) in Inbox.
2026-03-09 23:32:21 | DEBUG    | FileSystemWatcher | Already processed, skipping: test_invoice.pdf
2026-03-09 23:32:21 | DEBUG    | FileSystemWatcher | Sleeping 10s before next poll.
2026-03-09 23:32:31 | DEBUG    | FileSystemWatcher | --- Poll cycle ---
2026-03-09 23:32:31 | INFO     | FileSystemWatcher | Found 1 file(s) in Inbox.
2026-03-09 23:32:31 | DEBUG    | FileSystemWatcher | Already processed, skipping: test_invoice.pdf
2026-03-09 23:32:31 | DEBUG    | FileSystemWatcher | Sleeping 10s before next poll.
2026-03-09 23:32:41 | DEBUG    | FileSystemWatcher | --- Poll cycle ---
2026-03-09 23:32:41 | INFO     | FileSystemWatcher | Found 1 file(s) in Inbox.
2026-03-09 23:32:41 | DEBUG    | FileSystemWatcher | Already processed, skipping: test_invoice.pdf
2026-03-09 23:32:41 | DEBUG    | FileSystemWatcher | Sleeping 10s before next poll.
2026-03-09 23:32:51 | DEBUG    | FileSystemWatcher | --- Poll cycle ---
2026-03-09 23:32:51 | INFO     | FileSystemWatcher | Found 1 file(s) in Inbox.
2026-03-09 23:32:51 | DEBUG    | FileSystemWatcher | Already processed, skipping: test_invoice.pdf
2026-03-09 23:32:51 | DEBUG    | FileSystemWatcher | Sleeping 10s before next poll.
2026-03-09 23:33:01 | DEBUG    | FileSystemWatcher | --- Poll cycle ---
2026-03-09 23:33:01 | INFO     | FileSystemWatcher | Found 1 file(s) in Inbox.
2026-03-09 23:33:01 | DEBUG    | FileSystemWatcher | Already processed, skipping: test_invoice.pdf
2026-03-09 23:33:01 | DEBUG    | FileSystemWatcher | Sleeping 10s before next poll.
2026-03-09 23:33:11 | DEBUG    | FileSystemWatcher | --- Poll cycle ---
2026-03-09 23:33:11 | INFO     | FileSystemWatcher | Found 1 file(s) in Inbox.
2026-03-09 23:33:11 | DEBUG    | FileSystemWatcher | Already processed, skipping: test_invoice.pdf
2026-03-09 23:33:11 | DEBUG    | FileSystemWatcher | Sleeping 10s before next poll.
2026-03-09 23:33:21 | DEBUG    | FileSystemWatcher | --- Poll cycle ---
2026-03-09 23:33:21 | INFO     | FileSystemWatcher | Found 1 file(s) in Inbox.
2026-03-09 23:33:21 | DEBUG    | FileSystemWatcher | Already processed, skipping: test_invoice.pdf
2026-03-09 23:33:21 | DEBUG    | FileSystemWatcher | Sleeping 10s before next poll.
2026-03-09 23:33:31 | DEBUG    | FileSystemWatcher | --- Poll cycle ---
2026-03-09 23:33:31 | INFO     | FileSystemWatcher | Found 1 file(s) in Inbox.
2026-03-09 23:33:31 | DEBUG    | FileSystemWatcher | Already processed, skipping: test_invoice.pdf
2026-03-09 23:33:31 | DEBUG    | FileSystemWatcher | Sleeping 10s before next poll.
2026-03-09 23:33:41 | DEBUG    | FileSystemWatcher | --- Poll cycle ---
2026-03-09 23:33:41 | INFO     | FileSystemWatcher | Found 1 file(s) in Inbox.
2026-03-09 23:33:41 | DEBUG    | FileSystemWatcher | Already processed, skipping: test_invoice.pdf
2026-03-09 23:33:41 | DEBUG    | FileSystemWatcher | Sleeping 10s before next poll.
2026-03-09 23:33:51 | DEBUG    | FileSystemWatcher | --- Poll cycle ---
2026-03-09 23:33:51 | INFO     | FileSystemWatcher | Found 1 file(s) in Inbox.
2026-03-09 23:33:51 | DEBUG    | FileSystemWatcher | Already processed, skipping: test_invoice.pdf
2026-03-09 23:33:51 | DEBUG    | FileSystemWatcher | Sleeping 10s before next poll.
2026-03-09 23:34:01 | DEBUG    | FileSystemWatcher | --- Poll cycle ---
2026-03-09 23:34:01 | INFO     | FileSystemWatcher | Found 1 file(s) in Inbox.
2026-03-09 23:34:01 | DEBUG    | FileSystemWatcher | Already processed, skipping: test_invoice.pdf
2026-03-09 23:34:01 | DEBUG    | FileSystemWatcher | Sleeping 10s before next poll.
2026-03-09 23:34:11 | DEBUG    | FileSystemWatcher | --- Poll cycle ---
2026-03-09 23:34:11 | INFO     | FileSystemWatcher | Found 1 file(s) in Inbox.
2026-03-09 23:34:11 | DEBUG    | FileSystemWatcher | Already processed, skipping: test_invoice.pdf
2026-03-09 23:34:11 | DEBUG    | FileSystemWatcher | Sleeping 10s before next poll.
2026-03-09 23:34:21 | DEBUG    | FileSystemWatcher | --- Poll cycle ---
2026-03-09 23:34:21 | INFO     | FileSystemWatcher | Found 1 file(s) in Inbox.
2026-03-09 23:34:21 | DEBUG    | FileSystemWatcher | Already processed, skipping: test_invoice.pdf
2026-03-09 23:34:21 | DEBUG    | FileSystemWatcher | Sleeping 10s before next poll.
2026-03-09 23:34:31 | DEBUG    | FileSystemWatcher | --- Poll cycle ---
2026-03-09 23:34:31 | INFO     | FileSystemWatcher | Found 1 file(s) in Inbox.
2026-03-09 23:34:31 | DEBUG    | FileSystemWatcher | Already processed, skipping: test_invoice.pdf
2026-03-09 23:34:31 | DEBUG    | FileSystemWatcher | Sleeping 10s before next poll.
2026-03-09 23:34:41 | DEBUG    | FileSystemWatcher | --- Poll cycle ---
2026-03-09 23:34:41 | INFO     | FileSystemWatcher | Found 1 file(s) in Inbox.
2026-03-09 23:34:41 | DEBUG    | FileSystemWatcher | Already processed, skipping: test_invoice.pdf
2026-03-09 23:34:41 | DEBUG    | FileSystemWatcher | Sleeping 10s before next poll.
2026-03-09 23:34:51 | DEBUG    | FileSystemWatcher | --- Poll cycle ---
2026-03-09 23:34:51 | INFO     | FileSystemWatcher | Found 1 file(s) in Inbox.
2026-03-09 23:34:51 | DEBUG    | FileSystemWatcher | Already processed, skipping: test_invoice.pdf
2026-03-09 23:34:51 | DEBUG    | FileSystemWatcher | Sleeping 10s before next poll.
2026-03-09 23:35:01 | DEBUG    | FileSystemWatcher | --- Poll cycle ---
2026-03-09 23:35:01 | INFO     | FileSystemWatcher | Found 1 file(s) in Inbox.
2026-03-09 23:35:01 | DEBUG    | FileSystemWatcher | Already processed, skipping: test_invoice.pdf
2026-03-09 23:35:01 | DEBUG    | FileSystemWatcher | Sleeping 10s before next poll.
2026-03-09 23:35:11 | DEBUG    | FileSystemWatcher | --- Poll cycle ---
2026-03-09 23:35:11 | INFO     | FileSystemWatcher | Found 1 file(s) in Inbox.
2026-03-09 23:35:11 | DEBUG    | FileSystemWatcher | Already processed, skipping: test_invoice.pdf
2026-03-09 23:35:11 | DEBUG    | FileSystemWatcher | Sleeping 10s before next poll.
2026-03-09 23:35:21 | DEBUG    | FileSystemWatcher | --- Poll cycle ---
2026-03-09 23:35:21 | INFO     | FileSystemWatcher | Found 1 file(s) in Inbox.
2026-03-09 23:35:21 | DEBUG    | FileSystemWatcher | Already processed, skipping: test_invoice.pdf
2026-03-09 23:35:21 | DEBUG    | FileSystemWatcher | Sleeping 10s before next poll.
2026-03-09 23:35:31 | DEBUG    | FileSystemWatcher | --- Poll cycle ---
2026-03-09 23:35:31 | INFO     | FileSystemWatcher | Found 1 file(s) in Inbox.
2026-03-09 23:35:31 | DEBUG    | FileSystemWatcher | Already processed, skipping: test_invoice.pdf
2026-03-09 23:35:31 | DEBUG    | FileSystemWatcher | Sleeping 10s before next poll.
2026-03-09 23:35:41 | DEBUG    | FileSystemWatcher | --- Poll cycle ---
2026-03-09 23:35:41 | INFO     | FileSystemWatcher | Found 1 file(s) in Inbox.
2026-03-09 23:35:41 | DEBUG    | FileSystemWatcher | Already processed, skipping: test_invoice.pdf
2026-03-09 23:35:41 | DEBUG    | FileSystemWatcher | Sleeping 10s before next poll.
2026-03-09 23:35:51 | DEBUG    | FileSystemWatcher | --- Poll cycle ---
2026-03-09 23:35:51 | INFO     | FileSystemWatcher | Found 1 file(s) in Inbox.
2026-03-09 23:35:51 | DEBUG    | FileSystemWatcher | Already processed, skipping: test_invoice.pdf
2026-03-09 23:35:51 | DEBUG    | FileSystemWatcher | Sleeping 10s before next poll.
2026-03-09 23:36:01 | DEBUG    | FileSystemWatcher | --- Poll cycle ---
2026-03-09 23:36:01 | INFO     | FileSystemWatcher | Found 1 file(s) in Inbox.
2026-03-09 23:36:01 | DEBUG    | FileSystemWatcher | Already processed, skipping: test_invoice.pdf
2026-03-09 23:36:01 | DEBUG    | FileSystemWatcher | Sleeping 10s before next poll.
2026-03-09 23:36:11 | DEBUG    | FileSystemWatcher | --- Poll cycle ---
2026-03-09 23:36:11 | INFO     | FileSystemWatcher | Found 1 file(s) in Inbox.
2026-03-09 23:36:11 | DEBUG    | FileSystemWatcher | Already processed, skipping: test_invoice.pdf
2026-03-09 23:36:11 | DEBUG    | FileSystemWatcher | Sleeping 10s before next poll.
2026-03-09 23:36:21 | DEBUG    | FileSystemWatcher | --- Poll cycle ---
2026-03-09 23:36:21 | INFO     | FileSystemWatcher | Found 1 file(s) in Inbox.
2026-03-09 23:36:21 | DEBUG    | FileSystemWatcher | Already processed, skipping: test_invoice.pdf
2026-03-09 23:36:21 | DEBUG    | FileSystemWatcher | Sleeping 10s before next poll.
2026-03-09 23:36:31 | DEBUG    | FileSystemWatcher | --- Poll cycle ---
2026-03-09 23:36:31 | INFO     | FileSystemWatcher | Found 1 file(s) in Inbox.
2026-03-09 23:36:31 | DEBUG    | FileSystemWatcher | Already processed, skipping: test_invoice.pdf
2026-03-09 23:36:31 | DEBUG    | FileSystemWatcher | Sleeping 10s before next poll.
2026-03-09 23:36:41 | DEBUG    | FileSystemWatcher | --- Poll cycle ---
2026-03-09 23:36:41 | INFO     | FileSystemWatcher | Found 1 file(s) in Inbox.
2026-03-09 23:36:41 | DEBUG    | FileSystemWatcher | Already processed, skipping: test_invoice.pdf
2026-03-09 23:36:41 | DEBUG    | FileSystemWatcher | Sleeping 10s before next poll.
2026-03-09 23:36:51 | DEBUG    | FileSystemWatcher | --- Poll cycle ---
2026-03-09 23:36:51 | INFO     | FileSystemWatcher | Found 1 file(s) in Inbox.
2026-03-09 23:36:51 | DEBUG    | FileSystemWatcher | Already processed, skipping: test_invoice.pdf
2026-03-09 23:36:51 | DEBUG    | FileSystemWatcher | Sleeping 10s before next poll.
2026-03-09 23:37:01 | DEBUG    | FileSystemWatcher | --- Poll cycle ---
2026-03-09 23:37:01 | INFO     | FileSystemWatcher | Found 1 file(s) in Inbox.
2026-03-09 23:37:01 | DEBUG    | FileSystemWatcher | Already processed, skipping: test_invoice.pdf
2026-03-09 23:37:01 | DEBUG    | FileSystemWatcher | Sleeping 10s before next poll.
2026-03-09 23:37:11 | DEBUG    | FileSystemWatcher | --- Poll cycle ---
2026-03-09 23:37:11 | INFO     | FileSystemWatcher | Found 1 file(s) in Inbox.
2026-03-09 23:37:11 | DEBUG    | FileSystemWatcher | Already processed, skipping: test_invoice.pdf
2026-03-09 23:37:11 | DEBUG    | FileSystemWatcher | Sleeping 10s before next poll.
2026-03-09 23:37:21 | DEBUG    | FileSystemWatcher | --- Poll cycle ---
2026-03-09 23:37:21 | INFO     | FileSystemWatcher | Found 1 file(s) in Inbox.
2026-03-09 23:37:21 | DEBUG    | FileSystemWatcher | Already processed, skipping: test_invoice.pdf
2026-03-09 23:37:21 | DEBUG    | FileSystemWatcher | Sleeping 10s before next poll.
2026-03-09 23:37:31 | DEBUG    | FileSystemWatcher | --- Poll cycle ---
2026-03-09 23:37:31 | INFO     | FileSystemWatcher | Found 1 file(s) in Inbox.
2026-03-09 23:37:31 | DEBUG    | FileSystemWatcher | Already processed, skipping: test_invoice.pdf
2026-03-09 23:37:31 | DEBUG    | FileSystemWatcher | Sleeping 10s before next poll.
2026-03-09 23:37:41 | DEBUG    | FileSystemWatcher | --- Poll cycle ---
2026-03-09 23:37:41 | INFO     | FileSystemWatcher | Found 1 file(s) in Inbox.
2026-03-09 23:37:41 | DEBUG    | FileSystemWatcher | Already processed, skipping: test_invoice.pdf
2026-03-09 23:37:41 | DEBUG    | FileSystemWatcher | Sleeping 10s before next poll.
2026-03-09 23:37:51 | DEBUG    | FileSystemWatcher | --- Poll cycle ---
2026-03-09 23:37:51 | INFO     | FileSystemWatcher | Found 1 file(s) in Inbox.
2026-03-09 23:37:51 | DEBUG    | FileSystemWatcher | Already processed, skipping: test_invoice.pdf
2026-03-09 23:37:51 | DEBUG    | FileSystemWatcher | Sleeping 10s before next poll.
2026-03-09 23:38:01 | DEBUG    | FileSystemWatcher | --- Poll cycle ---
2026-03-09 23:38:01 | INFO     | FileSystemWatcher | Found 1 file(s) in Inbox.
2026-03-09 23:38:01 | DEBUG    | FileSystemWatcher | Already processed, skipping: test_invoice.pdf
2026-03-09 23:38:01 | DEBUG    | FileSystemWatcher | Sleeping 10s before next poll.
2026-03-09 23:38:11 | DEBUG    | FileSystemWatcher | --- Poll cycle ---
2026-03-09 23:38:11 | INFO     | FileSystemWatcher | Found 1 file(s) in Inbox.
2026-03-09 23:38:11 | DEBUG    | FileSystemWatcher | Already processed, skipping: test_invoice.pdf
2026-03-09 23:38:11 | DEBUG    | FileSystemWatcher | Sleeping 10s before next poll.
2026-03-09 23:38:21 | DEBUG    | FileSystemWatcher | --- Poll cycle ---
2026-03-09 23:38:21 | INFO     | FileSystemWatcher | Found 1 file(s) in Inbox.
2026-03-09 23:38:21 | DEBUG    | FileSystemWatcher | Already processed, skipping: test_invoice.pdf
2026-03-09 23:38:21 | DEBUG    | FileSystemWatcher | Sleeping 10s before next poll.
2026-03-09 23:38:31 | DEBUG    | FileSystemWatcher | --- Poll cycle ---
2026-03-09 23:38:31 | INFO     | FileSystemWatcher | Found 1 file(s) in Inbox.
2026-03-09 23:38:31 | DEBUG    | FileSystemWatcher | Already processed, skipping: test_invoice.pdf
2026-03-09 23:38:31 | DEBUG    | FileSystemWatcher | Sleeping 10s before next poll.
2026-03-09 23:38:41 | DEBUG    | FileSystemWatcher | --- Poll cycle ---
2026-03-09 23:38:41 | INFO     | FileSystemWatcher | Found 1 file(s) in Inbox.
2026-03-09 23:38:41 | DEBUG    | FileSystemWatcher | Already processed, skipping: test_invoice.pdf
2026-03-09 23:38:41 | DEBUG    | FileSystemWatcher | Sleeping 10s before next poll.
2026-03-09 23:38:51 | DEBUG    | FileSystemWatcher | --- Poll cycle ---
2026-03-09 23:38:51 | INFO     | FileSystemWatcher | Found 1 file(s) in Inbox.
2026-03-09 23:38:51 | DEBUG    | FileSystemWatcher | Already processed, skipping: test_invoice.pdf
2026-03-09 23:38:51 | DEBUG    | FileSystemWatcher | Sleeping 10s before next poll.
2026-03-09 23:39:01 | DEBUG    | FileSystemWatcher | --- Poll cycle ---
2026-03-09 23:39:01 | INFO     | FileSystemWatcher | Found 1 file(s) in Inbox.
2026-03-09 23:39:01 | DEBUG    | FileSystemWatcher | Already processed, skipping: test_invoice.pdf
2026-03-09 23:39:01 | DEBUG    | FileSystemWatcher | Sleeping 10s before next poll.
2026-03-09 23:39:11 | DEBUG    | FileSystemWatcher | --- Poll cycle ---
2026-03-09 23:39:11 | INFO     | FileSystemWatcher | Found 1 file(s) in Inbox.
2026-03-09 23:39:11 | DEBUG    | FileSystemWatcher | Already processed, skipping: test_invoice.pdf
2026-03-09 23:39:11 | DEBUG    | FileSystemWatcher | Sleeping 10s before next poll.
2026-03-09 23:39:21 | DEBUG    | FileSystemWatcher | --- Poll cycle ---
2026-03-09 23:39:21 | INFO     | FileSystemWatcher | Found 1 file(s) in Inbox.
2026-03-09 23:39:21 | DEBUG    | FileSystemWatcher | Already processed, skipping: test_invoice.pdf
2026-03-09 23:39:21 | DEBUG    | FileSystemWatcher | Sleeping 10s before next poll.
2026-03-09 23:39:31 | DEBUG    | FileSystemWatcher | --- Poll cycle ---
2026-03-09 23:39:31 | INFO     | FileSystemWatcher | Found 1 file(s) in Inbox.
2026-03-09 23:39:31 | DEBUG    | FileSystemWatcher | Already processed, skipping: test_invoice.pdf
2026-03-09 23:39:31 | DEBUG    | FileSystemWatcher | Sleeping 10s before next poll.
2026-03-09 23:39:41 | DEBUG    | FileSystemWatcher | --- Poll cycle ---
2026-03-09 23:39:41 | INFO     | FileSystemWatcher | Found 1 file(s) in Inbox.
2026-03-09 23:39:41 | DEBUG    | FileSystemWatcher | Already processed, skipping: test_invoice.pdf
2026-03-09 23:39:41 | DEBUG    | FileSystemWatcher | Sleeping 10s before next poll.
2026-03-09 23:39:51 | DEBUG    | FileSystemWatcher | --- Poll cycle ---
2026-03-09 23:39:51 | INFO     | FileSystemWatcher | Found 1 file(s) in Inbox.
2026-03-09 23:39:51 | DEBUG    | FileSystemWatcher | Already processed, skipping: test_invoice.pdf
2026-03-09 23:39:51 | DEBUG    | FileSystemWatcher | Sleeping 10s before next poll.
2026-03-09 23:40:01 | DEBUG    | FileSystemWatcher | --- Poll cycle ---
2026-03-09 23:40:01 | INFO     | FileSystemWatcher | Found 1 file(s) in Inbox.
2026-03-09 23:40:01 | DEBUG    | FileSystemWatcher | Already processed, skipping: test_invoice.pdf
2026-03-09 23:40:01 | DEBUG    | FileSystemWatcher | Sleeping 10s before next poll.
2026-03-09 23:40:11 | DEBUG    | FileSystemWatcher | --- Poll cycle ---
2026-03-09 23:40:11 | INFO     | FileSystemWatcher | Found 1 file(s) in Inbox.
2026-03-09 23:40:11 | DEBUG    | FileSystemWatcher | Already processed, skipping: test_invoice.pdf
2026-03-09 23:40:11 | DEBUG    | FileSystemWatcher | Sleeping 10s before next poll.
2026-03-09 23:40:21 | DEBUG    | FileSystemWatcher | --- Poll cycle ---
2026-03-09 23:40:21 | INFO     | FileSystemWatcher | Found 1 file(s) in Inbox.
2026-03-09 23:40:21 | DEBUG    | FileSystemWatcher | Already processed, skipping: test_invoice.pdf
2026-03-09 23:40:21 | DEBUG    | FileSystemWatcher | Sleeping 10s before next poll.
2026-03-09 23:40:31 | DEBUG    | FileSystemWatcher | --- Poll cycle ---
2026-03-09 23:40:31 | INFO     | FileSystemWatcher | Found 1 file(s) in Inbox.
2026-03-09 23:40:31 | DEBUG    | FileSystemWatcher | Already processed, skipping: test_invoice.pdf
2026-03-09 23:40:31 | DEBUG    | FileSystemWatcher | Sleeping 10s before next poll.
2026-03-09 23:40:41 | DEBUG    | FileSystemWatcher | --- Poll cycle ---
2026-03-09 23:40:41 | INFO     | FileSystemWatcher | Found 1 file(s) in Inbox.
2026-03-09 23:40:41 | DEBUG    | FileSystemWatcher | Already processed, skipping: test_invoice.pdf
2026-03-09 23:40:41 | DEBUG    | FileSystemWatcher | Sleeping 10s before next poll.
2026-03-09 23:40:51 | DEBUG    | FileSystemWatcher | --- Poll cycle ---
2026-03-09 23:40:51 | INFO     | FileSystemWatcher | Found 1 file(s) in Inbox.
2026-03-09 23:40:51 | DEBUG    | FileSystemWatcher | Already processed, skipping: test_invoice.pdf
2026-03-09 23:40:51 | DEBUG    | FileSystemWatcher | Sleeping 10s before next poll.
2026-03-09 23:41:01 | DEBUG    | FileSystemWatcher | --- Poll cycle ---
2026-03-09 23:41:01 | INFO     | FileSystemWatcher | Found 1 file(s) in Inbox.
2026-03-09 23:41:01 | DEBUG    | FileSystemWatcher | Already processed, skipping: test_invoice.pdf
2026-03-09 23:41:01 | DEBUG    | FileSystemWatcher | Sleeping 10s before next poll.
2026-03-09 23:41:11 | DEBUG    | FileSystemWatcher | --- Poll cycle ---
2026-03-09 23:41:11 | INFO     | FileSystemWatcher | Found 1 file(s) in Inbox.
2026-03-09 23:41:11 | DEBUG    | FileSystemWatcher | Already processed, skipping: test_invoice.pdf
2026-03-09 23:41:11 | DEBUG    | FileSystemWatcher | Sleeping 10s before next poll.
2026-03-09 23:41:21 | DEBUG    | FileSystemWatcher | --- Poll cycle ---
2026-03-09 23:41:21 | INFO     | FileSystemWatcher | Found 1 file(s) in Inbox.
2026-03-09 23:41:21 | DEBUG    | FileSystemWatcher | Already processed, skipping: test_invoice.pdf
2026-03-09 23:41:21 | DEBUG    | FileSystemWatcher | Sleeping 10s before next poll.
2026-03-09 23:41:31 | DEBUG    | FileSystemWatcher | --- Poll cycle ---
2026-03-09 23:41:31 | INFO     | FileSystemWatcher | Found 1 file(s) in Inbox.
2026-03-09 23:41:31 | DEBUG    | FileSystemWatcher | Already processed, skipping: test_invoice.pdf
2026-03-09 23:41:31 | DEBUG    | FileSystemWatcher | Sleeping 10s before next poll.
2026-03-09 23:41:41 | DEBUG    | FileSystemWatcher | --- Poll cycle ---
2026-03-09 23:41:41 | INFO     | FileSystemWatcher | Found 1 file(s) in Inbox.
2026-03-09 23:41:41 | DEBUG    | FileSystemWatcher | Already processed, skipping: test_invoice.pdf
2026-03-09 23:41:41 | DEBUG    | FileSystemWatcher | Sleeping 10s before next poll.
2026-03-09 23:41:51 | DEBUG    | FileSystemWatcher | --- Poll cycle ---
2026-03-09 23:41:51 | INFO     | FileSystemWatcher | Found 1 file(s) in Inbox.
2026-03-09 23:41:51 | DEBUG    | FileSystemWatcher | Already processed, skipping: test_invoice.pdf
2026-03-09 23:41:51 | DEBUG    | FileSystemWatcher | Sleeping 10s before next poll.
2026-03-09 23:42:01 | DEBUG    | FileSystemWatcher | --- Poll cycle ---
2026-03-09 23:42:01 | INFO     | FileSystemWatcher | Found 1 file(s) in Inbox.
2026-03-09 23:42:01 | DEBUG    | FileSystemWatcher | Already processed, skipping: test_invoice.pdf
2026-03-09 23:42:01 | DEBUG    | FileSystemWatcher | Sleeping 10s before next poll.
2026-03-09 23:42:11 | DEBUG    | FileSystemWatcher | --- Poll cycle ---
2026-03-09 23:42:11 | INFO     | FileSystemWatcher | Found 1 file(s) in Inbox.
2026-03-09 23:42:11 | DEBUG    | FileSystemWatcher | Already processed, skipping: test_invoice.pdf
2026-03-09 23:42:11 | DEBUG    | FileSystemWatcher | Sleeping 10s before next poll.
2026-03-09 23:42:21 | DEBUG    | FileSystemWatcher | --- Poll cycle ---
2026-03-09 23:42:21 | INFO     | FileSystemWatcher | Found 1 file(s) in Inbox.
2026-03-09 23:42:21 | DEBUG    | FileSystemWatcher | Already processed, skipping: test_invoice.pdf
2026-03-09 23:42:21 | DEBUG    | FileSystemWatcher | Sleeping 10s before next poll.
2026-03-09 23:42:31 | DEBUG    | FileSystemWatcher | --- Poll cycle ---
2026-03-09 23:42:31 | INFO     | FileSystemWatcher | Found 1 file(s) in Inbox.
2026-03-09 23:42:31 | DEBUG    | FileSystemWatcher | Already processed, skipping: test_invoice.pdf
2026-03-09 23:42:31 | DEBUG    | FileSystemWatcher | Sleeping 10s before next poll.
2026-03-09 23:42:41 | DEBUG    | FileSystemWatcher | --- Poll cycle ---
2026-03-09 23:42:41 | INFO     | FileSystemWatcher | Found 1 file(s) in Inbox.
2026-03-09 23:42:41 | DEBUG    | FileSystemWatcher | Already processed, skipping: test_invoice.pdf
2026-03-09 23:42:41 | DEBUG    | FileSystemWatcher | Sleeping 10s before next poll.
2026-03-09 23:42:51 | DEBUG    | FileSystemWatcher | --- Poll cycle ---
2026-03-09 23:42:51 | INFO     | FileSystemWatcher | Found 1 file(s) in Inbox.
2026-03-09 23:42:51 | DEBUG    | FileSystemWatcher | Already processed, skipping: test_invoice.pdf
2026-03-09 23:42:51 | DEBUG    | FileSystemWatcher | Sleeping 10s before next poll.
2026-03-09 23:43:01 | DEBUG    | FileSystemWatcher | --- Poll cycle ---
2026-03-09 23:43:01 | INFO     | FileSystemWatcher | Found 1 file(s) in Inbox.
2026-03-09 23:43:01 | DEBUG    | FileSystemWatcher | Already processed, skipping: test_invoice.pdf
2026-03-09 23:43:01 | DEBUG    | FileSystemWatcher | Sleeping 10s before next poll.
2026-03-09 23:43:11 | DEBUG    | FileSystemWatcher | --- Poll cycle ---
2026-03-09 23:43:11 | INFO     | FileSystemWatcher | Found 1 file(s) in Inbox.
2026-03-09 23:43:11 | DEBUG    | FileSystemWatcher | Already processed, skipping: test_invoice.pdf
2026-03-09 23:43:11 | DEBUG    | FileSystemWatcher | Sleeping 10s before next poll.
2026-03-09 23:43:21 | DEBUG    | FileSystemWatcher | --- Poll cycle ---
2026-03-09 23:43:21 | INFO     | FileSystemWatcher | Found 1 file(s) in Inbox.
2026-03-09 23:43:21 | DEBUG    | FileSystemWatcher | Already processed, skipping: test_invoice.pdf
2026-03-09 23:43:21 | DEBUG    | FileSystemWatcher | Sleeping 10s before next poll.
2026-03-09 23:43:31 | DEBUG    | FileSystemWatcher | --- Poll cycle ---
2026-03-09 23:43:31 | INFO     | FileSystemWatcher | Found 1 file(s) in Inbox.
2026-03-09 23:43:31 | DEBUG    | FileSystemWatcher | Already processed, skipping: test_invoice.pdf
2026-03-09 23:43:31 | DEBUG    | FileSystemWatcher | Sleeping 10s before next poll.
2026-03-09 23:43:41 | DEBUG    | FileSystemWatcher | --- Poll cycle ---
2026-03-09 23:43:41 | INFO     | FileSystemWatcher | Found 1 file(s) in Inbox.
2026-03-09 23:43:41 | DEBUG    | FileSystemWatcher | Already processed, skipping: test_invoice.pdf
2026-03-09 23:43:41 | DEBUG    | FileSystemWatcher | Sleeping 10s before next poll.
2026-03-09 23:43:51 | DEBUG    | FileSystemWatcher | --- Poll cycle ---
2026-03-09 23:43:51 | INFO     | FileSystemWatcher | Found 1 file(s) in Inbox.
2026-03-09 23:43:51 | DEBUG    | FileSystemWatcher | Already processed, skipping: test_invoice.pdf
2026-03-09 23:43:51 | DEBUG    | FileSystemWatcher | Sleeping 10s before next poll.
2026-03-09 23:44:01 | DEBUG    | FileSystemWatcher | --- Poll cycle ---
2026-03-09 23:44:01 | INFO     | FileSystemWatcher | Found 1 file(s) in Inbox.
2026-03-09 23:44:01 | DEBUG    | FileSystemWatcher | Already processed, skipping: test_invoice.pdf
2026-03-09 23:44:01 | DEBUG    | FileSystemWatcher | Sleeping 10s before next poll.
2026-03-09 23:44:11 | DEBUG    | FileSystemWatcher | --- Poll cycle ---
2026-03-09 23:44:11 | INFO     | FileSystemWatcher | Found 1 file(s) in Inbox.
2026-03-09 23:44:11 | DEBUG    | FileSystemWatcher | Already processed, skipping: test_invoice.pdf
2026-03-09 23:44:11 | DEBUG    | FileSystemWatcher | Sleeping 10s before next poll.
2026-03-09 23:44:21 | DEBUG    | FileSystemWatcher | --- Poll cycle ---
2026-03-09 23:44:21 | INFO     | FileSystemWatcher | Found 1 file(s) in Inbox.
2026-03-09 23:44:21 | DEBUG    | FileSystemWatcher | Already processed, skipping: test_invoice.pdf
2026-03-09 23:44:21 | DEBUG    | FileSystemWatcher | Sleeping 10s before next poll.
2026-03-09 23:44:31 | DEBUG    | FileSystemWatcher | --- Poll cycle ---
2026-03-09 23:44:32 | INFO     | FileSystemWatcher | Found 1 file(s) in Inbox.
2026-03-09 23:44:32 | DEBUG    | FileSystemWatcher | Already processed, skipping: test_invoice.pdf
2026-03-09 23:44:32 | DEBUG    | FileSystemWatcher | Sleeping 10s before next poll.
2026-03-09 23:44:42 | DEBUG    | FileSystemWatcher | --- Poll cycle ---
2026-03-09 23:44:42 | INFO     | FileSystemWatcher | Found 1 file(s) in Inbox.
2026-03-09 23:44:42 | DEBUG    | FileSystemWatcher | Already processed, skipping: test_invoice.pdf
2026-03-09 23:44:42 | DEBUG    | FileSystemWatcher | Sleeping 10s before next poll.
2026-03-09 23:44:52 | DEBUG    | FileSystemWatcher | --- Poll cycle ---
2026-03-09 23:44:52 | INFO     | FileSystemWatcher | Found 1 file(s) in Inbox.
2026-03-09 23:44:52 | DEBUG    | FileSystemWatcher | Already processed, skipping: test_invoice.pdf
2026-03-09 23:44:52 | DEBUG    | FileSystemWatcher | Sleeping 10s before next poll.
2026-03-09 23:45:02 | DEBUG    | FileSystemWatcher | --- Poll cycle ---
2026-03-09 23:45:02 | INFO     | FileSystemWatcher | Found 1 file(s) in Inbox.
2026-03-09 23:45:02 | DEBUG    | FileSystemWatcher | Already processed, skipping: test_invoice.pdf
2026-03-09 23:45:02 | DEBUG    | FileSystemWatcher | Sleeping 10s before next poll.
2026-03-09 23:45:12 | DEBUG    | FileSystemWatcher | --- Poll cycle ---
2026-03-09 23:45:12 | INFO     | FileSystemWatcher | Found 1 file(s) in Inbox.
2026-03-09 23:45:12 | DEBUG    | FileSystemWatcher | Already processed, skipping: test_invoice.pdf
2026-03-09 23:45:12 | DEBUG    | FileSystemWatcher | Sleeping 10s before next poll.
2026-03-09 23:45:22 | DEBUG    | FileSystemWatcher | --- Poll cycle ---
2026-03-09 23:45:22 | INFO     | FileSystemWatcher | Found 1 file(s) in Inbox.
2026-03-09 23:45:22 | DEBUG    | FileSystemWatcher | Already processed, skipping: test_invoice.pdf
2026-03-09 23:45:22 | DEBUG    | FileSystemWatcher | Sleeping 10s before next poll.
2026-03-09 23:45:32 | DEBUG    | FileSystemWatcher | --- Poll cycle ---
2026-03-09 23:45:32 | INFO     | FileSystemWatcher | Found 1 file(s) in Inbox.
2026-03-09 23:45:32 | DEBUG    | FileSystemWatcher | Already processed, skipping: test_invoice.pdf
2026-03-09 23:45:32 | DEBUG    | FileSystemWatcher | Sleeping 10s before next poll.
2026-03-09 23:45:42 | DEBUG    | FileSystemWatcher | --- Poll cycle ---
2026-03-09 23:45:42 | INFO     | FileSystemWatcher | Found 1 file(s) in Inbox.
2026-03-09 23:45:42 | DEBUG    | FileSystemWatcher | Already processed, skipping: test_invoice.pdf
2026-03-09 23:45:42 | DEBUG    | FileSystemWatcher | Sleeping 10s before next poll.
2026-03-09 23:45:52 | DEBUG    | FileSystemWatcher | --- Poll cycle ---
2026-03-09 23:45:52 | INFO     | FileSystemWatcher | Found 1 file(s) in Inbox.
2026-03-09 23:45:52 | DEBUG    | FileSystemWatcher | Already processed, skipping: test_invoice.pdf
2026-03-09 23:45:52 | DEBUG    | FileSystemWatcher | Sleeping 10s before next poll.
2026-03-09 23:46:02 | DEBUG    | FileSystemWatcher | --- Poll cycle ---
2026-03-09 23:46:02 | INFO     | FileSystemWatcher | Found 1 file(s) in Inbox.
2026-03-09 23:46:02 | DEBUG    | FileSystemWatcher | Already processed, skipping: test_invoice.pdf
2026-03-09 23:46:02 | DEBUG    | FileSystemWatcher | Sleeping 10s before next poll.
2026-03-09 23:46:12 | DEBUG    | FileSystemWatcher | --- Poll cycle ---
2026-03-09 23:46:12 | INFO     | FileSystemWatcher | Found 1 file(s) in Inbox.
2026-03-09 23:46:12 | DEBUG    | FileSystemWatcher | Already processed, skipping: test_invoice.pdf
2026-03-09 23:46:12 | DEBUG    | FileSystemWatcher | Sleeping 10s before next poll.
2026-03-09 23:46:22 | DEBUG    | FileSystemWatcher | --- Poll cycle ---
2026-03-09 23:46:22 | INFO     | FileSystemWatcher | Found 1 file(s) in Inbox.
2026-03-09 23:46:22 | DEBUG    | FileSystemWatcher | Already processed, skipping: test_invoice.pdf
2026-03-09 23:46:22 | DEBUG    | FileSystemWatcher | Sleeping 10s before next poll.
2026-03-09 23:46:32 | DEBUG    | FileSystemWatcher | --- Poll cycle ---
2026-03-09 23:46:32 | INFO     | FileSystemWatcher | Found 1 file(s) in Inbox.
2026-03-09 23:46:32 | DEBUG    | FileSystemWatcher | Already processed, skipping: test_invoice.pdf
2026-03-09 23:46:32 | DEBUG    | FileSystemWatcher | Sleeping 10s before next poll.
2026-03-09 23:46:42 | DEBUG    | FileSystemWatcher | --- Poll cycle ---
2026-03-09 23:46:42 | INFO     | FileSystemWatcher | Found 1 file(s) in Inbox.
2026-03-09 23:46:42 | DEBUG    | FileSystemWatcher | Already processed, skipping: test_invoice.pdf
2026-03-09 23:46:42 | DEBUG    | FileSystemWatcher | Sleeping 10s before next poll.
2026-03-09 23:46:52 | DEBUG    | FileSystemWatcher | --- Poll cycle ---
2026-03-09 23:46:52 | INFO     | FileSystemWatcher | Found 1 file(s) in Inbox.
2026-03-09 23:46:52 | DEBUG    | FileSystemWatcher | Already processed, skipping: test_invoice.pdf
2026-03-09 23:46:52 | DEBUG    | FileSystemWatcher | Sleeping 10s before next poll.
2026-03-09 23:47:02 | DEBUG    | FileSystemWatcher | --- Poll cycle ---
2026-03-09 23:47:02 | INFO     | FileSystemWatcher | Found 1 file(s) in Inbox.
2026-03-09 23:47:02 | DEBUG    | FileSystemWatcher | Already processed, skipping: test_invoice.pdf
2026-03-09 23:47:02 | DEBUG    | FileSystemWatcher | Sleeping 10s before next poll.
2026-03-09 23:47:12 | DEBUG    | FileSystemWatcher | --- Poll cycle ---
2026-03-09 23:47:12 | INFO     | FileSystemWatcher | Found 1 file(s) in Inbox.
2026-03-09 23:47:12 | DEBUG    | FileSystemWatcher | Already processed, skipping: test_invoice.pdf
2026-03-09 23:47:12 | DEBUG    | FileSystemWatcher | Sleeping 10s before next poll.
2026-03-09 23:47:22 | DEBUG    | FileSystemWatcher | --- Poll cycle ---
2026-03-09 23:47:22 | INFO     | FileSystemWatcher | Found 1 file(s) in Inbox.
2026-03-09 23:47:22 | DEBUG    | FileSystemWatcher | Already processed, skipping: test_invoice.pdf
2026-03-09 23:47:22 | DEBUG    | FileSystemWatcher | Sleeping 10s before next poll.
2026-03-09 23:47:32 | DEBUG    | FileSystemWatcher | --- Poll cycle ---
2026-03-09 23:47:32 | INFO     | FileSystemWatcher | Found 1 file(s) in Inbox.
2026-03-09 23:47:32 | DEBUG    | FileSystemWatcher | Already processed, skipping: test_invoice.pdf
2026-03-09 23:47:32 | DEBUG    | FileSystemWatcher | Sleeping 10s before next poll.
2026-03-09 23:47:42 | DEBUG    | FileSystemWatcher | --- Poll cycle ---
2026-03-09 23:47:42 | INFO     | FileSystemWatcher | Found 1 file(s) in Inbox.
2026-03-09 23:47:42 | DEBUG    | FileSystemWatcher | Already processed, skipping: test_invoice.pdf
2026-03-09 23:47:42 | DEBUG    | FileSystemWatcher | Sleeping 10s before next poll.
2026-03-09 23:47:52 | DEBUG    | FileSystemWatcher | --- Poll cycle ---
2026-03-09 23:47:52 | INFO     | FileSystemWatcher | Found 1 file(s) in Inbox.
2026-03-09 23:47:52 | DEBUG    | FileSystemWatcher | Already processed, skipping: test_invoice.pdf
2026-03-09 23:47:52 | DEBUG    | FileSystemWatcher | Sleeping 10s before next poll.
2026-03-09 23:48:02 | DEBUG    | FileSystemWatcher | --- Poll cycle ---
2026-03-09 23:48:02 | INFO     | FileSystemWatcher | Found 1 file(s) in Inbox.
2026-03-09 23:48:02 | DEBUG    | FileSystemWatcher | Already processed, skipping: test_invoice.pdf
2026-03-09 23:48:02 | DEBUG    | FileSystemWatcher | Sleeping 10s before next poll.
2026-03-09 23:48:12 | DEBUG    | FileSystemWatcher | --- Poll cycle ---
2026-03-09 23:48:12 | INFO     | FileSystemWatcher | Found 1 file(s) in Inbox.
2026-03-09 23:48:12 | DEBUG    | FileSystemWatcher | Already processed, skipping: test_invoice.pdf
2026-03-09 23:48:12 | DEBUG    | FileSystemWatcher | Sleeping 10s before next poll.
2026-03-09 23:48:22 | DEBUG    | FileSystemWatcher | --- Poll cycle ---
2026-03-09 23:48:22 | INFO     | FileSystemWatcher | Found 1 file(s) in Inbox.
2026-03-09 23:48:22 | DEBUG    | FileSystemWatcher | Already processed, skipping: test_invoice.pdf
2026-03-09 23:48:22 | DEBUG    | FileSystemWatcher | Sleeping 10s before next poll.
2026-03-09 23:48:32 | DEBUG    | FileSystemWatcher | --- Poll cycle ---
2026-03-09 23:48:32 | INFO     | FileSystemWatcher | Found 1 file(s) in Inbox.
2026-03-09 23:48:32 | DEBUG    | FileSystemWatcher | Already processed, skipping: test_invoice.pdf
2026-03-09 23:48:32 | DEBUG    | FileSystemWatcher | Sleeping 10s before next poll.
2026-03-09 23:48:42 | DEBUG    | FileSystemWatcher | --- Poll cycle ---
2026-03-09 23:48:42 | INFO     | FileSystemWatcher | Found 1 file(s) in Inbox.
2026-03-09 23:48:42 | DEBUG    | FileSystemWatcher | Already processed, skipping: test_invoice.pdf
2026-03-09 23:48:42 | DEBUG    | FileSystemWatcher | Sleeping 10s before next poll.
2026-03-09 23:48:52 | DEBUG    | FileSystemWatcher | --- Poll cycle ---
2026-03-09 23:48:52 | INFO     | FileSystemWatcher | Found 1 file(s) in Inbox.
2026-03-09 23:48:52 | DEBUG    | FileSystemWatcher | Already processed, skipping: test_invoice.pdf
2026-03-09 23:48:52 | DEBUG    | FileSystemWatcher | Sleeping 10s before next poll.
2026-03-09 23:49:02 | DEBUG    | FileSystemWatcher | --- Poll cycle ---
2026-03-09 23:49:02 | INFO     | FileSystemWatcher | Found 1 file(s) in Inbox.
2026-03-09 23:49:02 | DEBUG    | FileSystemWatcher | Already processed, skipping: test_invoice.pdf
2026-03-09 23:49:02 | DEBUG    | FileSystemWatcher | Sleeping 10s before next poll.
2026-03-09 23:49:12 | DEBUG    | FileSystemWatcher | --- Poll cycle ---
2026-03-09 23:49:12 | INFO     | FileSystemWatcher | Found 1 file(s) in Inbox.
2026-03-09 23:49:12 | DEBUG    | FileSystemWatcher | Already processed, skipping: test_invoice.pdf
2026-03-09 23:49:12 | DEBUG    | FileSystemWatcher | Sleeping 10s before next poll.
2026-03-09 23:49:22 | DEBUG    | FileSystemWatcher | --- Poll cycle ---
2026-03-09 23:49:22 | INFO     | FileSystemWatcher | Found 1 file(s) in Inbox.
2026-03-09 23:49:22 | DEBUG    | FileSystemWatcher | Already processed, skipping: test_invoice.pdf
2026-03-09 23:49:22 | DEBUG    | FileSystemWatcher | Sleeping 10s before next poll.
2026-03-09 23:49:32 | DEBUG    | FileSystemWatcher | --- Poll cycle ---
2026-03-09 23:49:32 | INFO     | FileSystemWatcher | Found 1 file(s) in Inbox.
2026-03-09 23:49:32 | DEBUG    | FileSystemWatcher | Already processed, skipping: test_invoice.pdf
2026-03-09 23:49:32 | DEBUG    | FileSystemWatcher | Sleeping 10s before next poll.
2026-03-09 23:49:42 | DEBUG    | FileSystemWatcher | --- Poll cycle ---
2026-03-09 23:49:42 | INFO     | FileSystemWatcher | Found 1 file(s) in Inbox.
2026-03-09 23:49:42 | DEBUG    | FileSystemWatcher | Already processed, skipping: test_invoice.pdf
2026-03-09 23:49:42 | DEBUG    | FileSystemWatcher | Sleeping 10s before next poll.
2026-03-09 23:49:52 | DEBUG    | FileSystemWatcher | --- Poll cycle ---
2026-03-09 23:49:52 | INFO     | FileSystemWatcher | Found 1 file(s) in Inbox.
2026-03-09 23:49:52 | DEBUG    | FileSystemWatcher | Already processed, skipping: test_invoice.pdf
2026-03-09 23:49:52 | DEBUG    | FileSystemWatcher | Sleeping 10s before next poll.
2026-03-09 23:50:02 | DEBUG    | FileSystemWatcher | --- Poll cycle ---
2026-03-09 23:50:02 | INFO     | FileSystemWatcher | Found 1 file(s) in Inbox.
2026-03-09 23:50:02 | DEBUG    | FileSystemWatcher | Already processed, skipping: test_invoice.pdf
2026-03-09 23:50:02 | DEBUG    | FileSystemWatcher | Sleeping 10s before next poll.
2026-03-09 23:50:12 | DEBUG    | FileSystemWatcher | --- Poll cycle ---
2026-03-09 23:50:12 | INFO     | FileSystemWatcher | Found 1 file(s) in Inbox.
2026-03-09 23:50:12 | DEBUG    | FileSystemWatcher | Already processed, skipping: test_invoice.pdf
2026-03-09 23:50:12 | DEBUG    | FileSystemWatcher | Sleeping 10s before next poll.
2026-03-09 23:50:22 | DEBUG    | FileSystemWatcher | --- Poll cycle ---
2026-03-09 23:50:22 | INFO     | FileSystemWatcher | Found 1 file(s) in Inbox.
2026-03-09 23:50:22 | DEBUG    | FileSystemWatcher | Already processed, skipping: test_invoice.pdf
2026-03-09 23:50:22 | DEBUG    | FileSystemWatcher | Sleeping 10s before next poll.
2026-03-09 23:50:32 | DEBUG    | FileSystemWatcher | --- Poll cycle ---
2026-03-09 23:50:32 | INFO     | FileSystemWatcher | Found 1 file(s) in Inbox.
2026-03-09 23:50:32 | DEBUG    | FileSystemWatcher | Already processed, skipping: test_invoice.pdf
2026-03-09 23:50:32 | DEBUG    | FileSystemWatcher | Sleeping 10s before next poll.
2026-03-09 23:50:42 | DEBUG    | FileSystemWatcher | --- Poll cycle ---
2026-03-09 23:50:42 | INFO     | FileSystemWatcher | Found 1 file(s) in Inbox.
2026-03-09 23:50:42 | DEBUG    | FileSystemWatcher | Already processed, skipping: test_invoice.pdf
2026-03-09 23:50:42 | DEBUG    | FileSystemWatcher | Sleeping 10s before next poll.
2026-03-09 23:50:52 | DEBUG    | FileSystemWatcher | --- Poll cycle ---
2026-03-09 23:50:52 | INFO     | FileSystemWatcher | Found 1 file(s) in Inbox.
2026-03-09 23:50:52 | DEBUG    | FileSystemWatcher | Already processed, skipping: test_invoice.pdf
2026-03-09 23:50:52 | DEBUG    | FileSystemWatcher | Sleeping 10s before next poll.
2026-03-09 23:51:02 | DEBUG    | FileSystemWatcher | --- Poll cycle ---
2026-03-09 23:51:02 | INFO     | FileSystemWatcher | Found 1 file(s) in Inbox.
2026-03-09 23:51:02 | DEBUG    | FileSystemWatcher | Already processed, skipping: test_invoice.pdf
2026-03-09 23:51:02 | DEBUG    | FileSystemWatcher | Sleeping 10s before next poll.
2026-03-09 23:51:12 | DEBUG    | FileSystemWatcher | --- Poll cycle ---
2026-03-09 23:51:12 | INFO     | FileSystemWatcher | Found 1 file(s) in Inbox.
2026-03-09 23:51:12 | DEBUG    | FileSystemWatcher | Already processed, skipping: test_invoice.pdf
2026-03-09 23:51:12 | DEBUG    | FileSystemWatcher | Sleeping 10s before next poll.
2026-03-09 23:51:22 | DEBUG    | FileSystemWatcher | --- Poll cycle ---
2026-03-09 23:51:22 | INFO     | FileSystemWatcher | Found 1 file(s) in Inbox.
2026-03-09 23:51:22 | DEBUG    | FileSystemWatcher | Already processed, skipping: test_invoice.pdf
2026-03-09 23:51:22 | DEBUG    | FileSystemWatcher | Sleeping 10s before next poll.
2026-03-09 23:51:32 | DEBUG    | FileSystemWatcher | --- Poll cycle ---
2026-03-09 23:51:32 | INFO     | FileSystemWatcher | Found 1 file(s) in Inbox.
2026-03-09 23:51:32 | DEBUG    | FileSystemWatcher | Already processed, skipping: test_invoice.pdf
2026-03-09 23:51:32 | DEBUG    | FileSystemWatcher | Sleeping 10s before next poll.
2026-03-09 23:51:42 | DEBUG    | FileSystemWatcher | --- Poll cycle ---
2026-03-09 23:51:42 | INFO     | FileSystemWatcher | Found 1 file(s) in Inbox.
2026-03-09 23:51:42 | DEBUG    | FileSystemWatcher | Already processed, skipping: test_invoice.pdf
2026-03-09 23:51:42 | DEBUG    | FileSystemWatcher | Sleeping 10s before next poll.
2026-03-09 23:51:52 | DEBUG    | FileSystemWatcher | --- Poll cycle ---
2026-03-09 23:51:52 | INFO     | FileSystemWatcher | Found 1 file(s) in Inbox.
2026-03-09 23:51:52 | DEBUG    | FileSystemWatcher | Already processed, skipping: test_invoice.pdf
2026-03-09 23:51:52 | DEBUG    | FileSystemWatcher | Sleeping 10s before next poll.
2026-03-09 23:52:02 | DEBUG    | FileSystemWatcher | --- Poll cycle ---
2026-03-09 23:52:02 | INFO     | FileSystemWatcher | Found 1 file(s) in Inbox.
2026-03-09 23:52:02 | DEBUG    | FileSystemWatcher | Already processed, skipping: test_invoice.pdf
2026-03-09 23:52:02 | DEBUG    | FileSystemWatcher | Sleeping 10s before next poll.
